<?xml version="1.0" encoding="UTF-8"?>
<!-- Generated by org.testng.reporters.JUnitReportReporter -->
<testsuite hostname="DESKTOP-UA7G0ND" failures="0" tests="2" name="TestngDemo.TestDay1" time="0.022" errors="0" timestamp="2024-08-10T16:58:15 IST" skipped="0">
  <testcase classname="TestngDemo.TestDay1" name="getTest" time="0.011"/>
  <testcase classname="TestngDemo.TestDay1" name="getData1" time="0.011"/>
</testsuite> <!-- TestngDemo.TestDay1 -->
