<?xml version="1.0" encoding="UTF-8"?>
<!-- Generated by org.testng.reporters.JUnitReportReporter -->
<testsuite hostname="DESKTOP-UA7G0ND" failures="0" tests="1" name="TestngDemo.Taking_Screenshot" time="8.441" errors="0" timestamp="2024-08-12T16:08:13 IST" skipped="0">
  <testcase classname="TestngDemo.Taking_Screenshot" name="screenshotCode" time="8.441"/>
</testsuite> <!-- TestngDemo.Taking_Screenshot -->
