<?xml version="1.0" encoding="UTF-8"?>
<!-- Generated by org.testng.reporters.JUnitReportReporter -->
<testsuite hostname="DESKTOP-UA7G0ND" failures="0" tests="1" name="TestngDemo.BumbleBee1" time="0.012" errors="0" timestamp="2024-08-11T20:16:10 IST" skipped="0">
  <testcase classname="TestngDemo.BumbleBee1" name="getData1" time="0.012"/>
</testsuite> <!-- TestngDemo.BumbleBee1 -->
