<?xml version="1.0" encoding="UTF-8"?>
<!-- Generated by org.testng.reporters.JUnitReportReporter -->
<testsuite hostname="DESKTOP-UA7G0ND" failures="0" tests="1" name="Blinkit.CopilitCode" time="11.251" errors="0" timestamp="2024-08-22T17:06:38 IST" skipped="0">
  <testcase classname="Blinkit.CopilitCode" name="submitBlinkitOrder" time="11.251"/>
</testsuite> <!-- Blinkit.CopilitCode -->
