<?xml version="1.0" encoding="UTF-8"?>
<!-- Generated by org.testng.reporters.JUnitReportReporter -->
<testsuite hostname="DESKTOP-UA7G0ND" failures="0" tests="1" name="MultipleItems_Streams.AddMultipleItems_UsingStreams" time="13.268" errors="0" timestamp="2024-08-15T19:54:44 IST" skipped="0">
  <testcase classname="MultipleItems_Streams.AddMultipleItems_UsingStreams" name="submitCart" time="13.268"/>
</testsuite> <!-- MultipleItems_Streams.AddMultipleItems_UsingStreams -->
