<?xml version="1.0" encoding="UTF-8"?>
<!-- Generated by org.testng.reporters.JUnitReportReporter -->
<testsuite hostname="DESKTOP-UA7G0ND" failures="0" tests="1" name="StreamsandLambda_Concept.StreamsLambda" time="0.010" errors="0" timestamp="2024-08-07T16:36:44 IST" skipped="0">
  <testcase classname="StreamsandLambda_Concept.StreamsLambda" name="streamMax" time="0.010"/>
</testsuite> <!-- StreamsandLambda_Concept.StreamsLambda -->
