<?xml version="1.0" encoding="UTF-8"?>
<!-- Generated by org.testng.reporters.JUnitReportReporter -->
<testsuite hostname="DESKTOP-UA7G0ND" failures="0" tests="2" name="TestngDemo.Testng_Day2" time="0.010" errors="0" timestamp="2024-08-10T16:40:52 IST" skipped="0">
  <testcase classname="TestngDemo.Testng_Day2" name="demo3" time="0.007"/>
  <testcase classname="TestngDemo.Testng_Day2" name="demo6" time="0.003"/>
</testsuite> <!-- TestngDemo.Testng_Day2 -->
