<?xml version="1.0" encoding="UTF-8"?>
<!-- Generated by org.testng.reporters.JUnitReportReporter -->
<testsuite hostname="DESKTOP-UA7G0ND" failures="0" tests="2" name="TestngDemo.Testng_Day1" time="0.007" errors="0" timestamp="2024-08-10T16:40:52 IST" skipped="0">
  <testcase classname="TestngDemo.Testng_Day1" name="demo1" time="0.002"/>
  <testcase classname="TestngDemo.Testng_Day1" name="demo2" time="0.005"/>
</testsuite> <!-- TestngDemo.Testng_Day1 -->
