<?xml version="1.0" encoding="UTF-8"?>
<!-- Generated by org.testng.reporters.JUnitReportReporter -->
<testsuite hostname="DESKTOP-UA7G0ND" failures="0" tests="1" name="TestngDemo.StartA" time="0.010" errors="0" timestamp="2024-08-12T13:46:20 IST" skipped="0">
  <testcase classname="TestngDemo.StartA" name="showData" time="0.010"/>
</testsuite> <!-- TestngDemo.StartA -->
