<?xml version="1.0" encoding="UTF-8"?>
<!-- Generated by org.testng.reporters.JUnitReportReporter -->
<testsuite hostname="DESKTOP-UA7G0ND" failures="0" tests="1" name="TestngDemo.StartH" time="0.010" errors="0" timestamp="2024-08-12T13:53:25 IST" skipped="0">
  <testcase classname="TestngDemo.StartH" name="showData" time="0.010"/>
</testsuite> <!-- TestngDemo.StartH -->
