<?xml version="1.0" encoding="UTF-8"?>
<!-- Generated by org.testng.reporters.JUnitReportReporter -->
<testsuite hostname="DESKTOP-UA7G0ND" failures="0" tests="1" name="StreamsandLambda_Concept.StreamMax" time="0.011" errors="0" timestamp="2024-08-07T16:52:22 IST" skipped="0">
  <testcase classname="StreamsandLambda_Concept.StreamMax" name="elementMin" time="0.011"/>
</testsuite> <!-- StreamsandLambda_Concept.StreamMax -->
