<?xml version="1.0" encoding="UTF-8"?>
<!-- Generated by org.testng.reporters.JUnitReportReporter -->
<testsuite hostname="DESKTOP-UA7G0ND" failures="0" tests="1" name="TestngDemo.AddingMultipleItemsToCart" time="41.780" errors="0" timestamp="2024-08-12T15:41:30 IST" skipped="0">
  <testcase classname="TestngDemo.AddingMultipleItemsToCart" name="addItems" time="41.780"/>
</testsuite> <!-- TestngDemo.AddingMultipleItemsToCart -->
