<?xml version="1.0" encoding="UTF-8"?>
<!-- Generated by org.testng.reporters.JUnitReportReporter -->
<testsuite hostname="DESKTOP-UA7G0ND" failures="0" tests="1" name="TestngDemo.Bee" time="0.011" errors="0" timestamp="2024-08-11T18:48:24 IST" skipped="0">
  <testcase classname="TestngDemo.Bee" name="getDetails" time="0.011"/>
</testsuite> <!-- TestngDemo.Bee -->
