<?xml version="1.0" encoding="UTF-8"?>
<!-- Generated by org.testng.reporters.JUnitReportReporter -->
<testsuite hostname="DESKTOP-UA7G0ND" failures="0" tests="1" name="TestngDemo.MultipleItemsToCart_Streams" time="7.471" errors="0" timestamp="2024-08-12T19:58:07 IST" skipped="0">
  <testcase classname="TestngDemo.MultipleItemsToCart_Streams" name="addingItems" time="7.471"/>
</testsuite> <!-- TestngDemo.MultipleItemsToCart_Streams -->
