<?xml version="1.0" encoding="UTF-8"?>
<!-- Generated by org.testng.reporters.JUnitReportReporter -->
<testsuite hostname="DESKTOP-UA7G0ND" failures="0" tests="1" name="Blinkit.Screenshot" time="8.417" errors="0" timestamp="2024-08-23T14:36:40 IST" skipped="0">
  <testcase classname="Blinkit.Screenshot" name="getScreenShot" time="8.417"/>
</testsuite> <!-- Blinkit.Screenshot -->
