<?xml version="1.0" encoding="UTF-8"?>
<!-- Generated by org.testng.reporters.JUnitReportReporter -->
<testsuite hostname="DESKTOP-UA7G0ND" failures="0" tests="1" name="TestngDemo.Parameterising" time="0.001" errors="0" timestamp="2024-08-10T16:40:52 IST" skipped="0">
  <testcase classname="TestngDemo.Parameterising" name="getData" time="0.001"/>
</testsuite> <!-- TestngDemo.Parameterising -->
