<?xml version="1.0" encoding="UTF-8"?>
<!-- Generated by org.testng.reporters.JUnitReportReporter -->
<testsuite hostname="DESKTOP-UA7G0ND" failures="0" tests="1" name="TestngDemo.PS" time="0.010" errors="0" timestamp="2024-08-10T19:04:18 IST" skipped="0">
  <testcase classname="TestngDemo.PS" name="getData1" time="0.010"/>
</testsuite> <!-- TestngDemo.PS -->
