<?xml version="1.0" encoding="UTF-8"?>
<!-- Generated by org.testng.reporters.JUnitReportReporter -->
<testsuite hostname="DESKTOP-UA7G0ND" failures="0" tests="6" name="TestngDemo.TestngHelperAttribute" time="0.030" errors="0" timestamp="2024-08-10T16:40:52 IST" skipped="1">
  <testcase classname="TestngDemo.TestngHelperAttribute" name="checkout" time="0.004"/>
  <testcase classname="TestngDemo.TestngHelperAttribute" name="signUp" time="0.003"/>
  <testcase classname="TestngDemo.TestngHelperAttribute" name="guestLogin" time="0.006"/>
  <testcase classname="TestngDemo.TestngHelperAttribute" name="login" time="0.005"/>
  <testcase classname="TestngDemo.TestngHelperAttribute" name="paymentDetails" time="0.012"/>
  <testcase classname="TestngDemo.TestngHelperAttribute" name="applyCoupon">
    <skipped/>
  </testcase> <!-- applyCoupon -->
</testsuite> <!-- TestngDemo.TestngHelperAttribute -->
