<?xml version="1.0" encoding="UTF-8"?>
<!-- Generated by org.testng.reporters.JUnitReportReporter -->
<testsuite hostname="DESKTOP-UA7G0ND" failures="0" tests="1" name="TestngDemo.CoPilot" time="5.041" errors="0" timestamp="2024-08-12T18:18:52 IST" skipped="0">
  <testcase classname="TestngDemo.CoPilot" name="addingItems" time="5.041"/>
</testsuite> <!-- TestngDemo.CoPilot -->
