<?xml version="1.0" encoding="UTF-8"?>
<!-- Generated by org.testng.reporters.JUnitReportReporter -->
<testsuite hostname="DESKTOP-UA7G0ND" failures="0" tests="3" name="TestngDemo.Testng_Day3" time="0.008" errors="0" timestamp="2024-08-10T16:40:52 IST" skipped="0">
  <testcase classname="TestngDemo.Testng_Day3" name="learnBDD" time="0.002"/>
  <testcase classname="TestngDemo.Testng_Day3" name="loginAPI" time="0.003"/>
  <testcase classname="TestngDemo.Testng_Day3" name="carLoan" time="0.003"/>
</testsuite> <!-- TestngDemo.Testng_Day3 -->
