<?xml version="1.0" encoding="UTF-8"?>
<!-- Generated by org.testng.reporters.JUnitReportReporter -->
<testsuite hostname="DESKTOP-UA7G0ND" failures="0" tests="1" name="TestngDemo.A" time="0.017" errors="0" timestamp="2024-08-12T13:32:37 IST" skipped="0">
  <testcase classname="TestngDemo.A" name="getData" time="0.017"/>
</testsuite> <!-- TestngDemo.A -->
