<?xml version="1.0" encoding="UTF-8"?>
<!-- Generated by org.testng.reporters.JUnitReportReporter -->
<testsuite hostname="DESKTOP-UA7G0ND" failures="0" tests="2" name="TestngDemo.WebTables" time="9.672" errors="0" timestamp="2024-08-12T21:01:18 IST" skipped="0">
  <testcase classname="TestngDemo.WebTables" name="workWebTable" time="5.652"/>
  <testcase classname="TestngDemo.WebTables" name="workWebTable2" time="4.020"/>
</testsuite> <!-- TestngDemo.WebTables -->
