<?xml version="1.0" encoding="UTF-8"?>
<!-- Generated by org.testng.reporters.JUnitReportReporter -->
<testsuite hostname="DESKTOP-UA7G0ND" failures="0" tests="5" name="TestngDemo.DataPrividerandParameterisation" time="0.006" errors="0" timestamp="2024-08-10T16:40:52 IST" skipped="0">
  <testcase classname="TestngDemo.DataPrividerandParameterisation" name="siteURL" time="0.001"/>
  <testcase classname="TestngDemo.DataPrividerandParameterisation" name="getDetails" time="0.001"/>
  <testcase classname="TestngDemo.DataPrividerandParameterisation" name="getData" time="0.001"/>
  <testcase classname="TestngDemo.DataPrividerandParameterisation" name="getData" time="0.002"/>
  <testcase classname="TestngDemo.DataPrividerandParameterisation" name="getData" time="0.001"/>
</testsuite> <!-- TestngDemo.DataPrividerandParameterisation -->
